[0m17:44:38.789779 [debug] [MainThread]: Sending event: {'category': 'dbt', 'action': 'invocation', 'label': 'start', 'context': [<snowplow_tracker.self_describing_json.SelfDescribingJson object at 0x7fc607113010>, <snowplow_tracker.self_describing_json.SelfDescribingJson object at 0x7fc605c0ad10>, <snowplow_tracker.self_describing_json.SelfDescribingJson object at 0x7fc605c09780>]}


============================== 17:44:38.793005 | a030e9b5-5024-449f-86a0-7dd0ba5373ea ==============================
[0m17:44:38.793005 [info ] [MainThread]: Running with dbt=1.10.13
[0m17:44:38.793388 [debug] [MainThread]: running dbt with arguments {'empty': 'None', 'profiles_dir': '/home/toor/.dbt', 'log_cache_events': 'False', 'static_parser': 'True', 'cache_selected_only': 'False', 'partial_parse': 'True', 'fail_fast': 'False', 'use_colors': 'True', 'warn_error_options': 'WarnErrorOptionsV2(error=[], warn=[], silence=[])', 'debug': 'False', 'target_path': 'None', 'printer_width': '80', 'no_print': 'None', 'write_json': 'True', 'warn_error': 'None', 'send_anonymous_usage_stats': 'True', 'use_experimental_parser': 'False', 'log_format': 'default', 'version_check': 'True', 'indirect_selection': 'eager', 'introspect': 'True', 'quiet': 'False', 'log_path': 'logs', 'invocation_command': 'dbt init digipoc'}
[0m17:44:38.807580 [debug] [MainThread]: Starter project path: /home/toor/.local/lib/python3.10/site-packages/dbt/include/starter_project
[0m17:44:38.814570 [info ] [MainThread]: 
Your new dbt project "digipoc" was created!

For more information on how to configure the profiles.yml file,
please consult the dbt documentation here:

  https://docs.getdbt.com/docs/configure-your-profile

One more thing:

Need help? Don't hesitate to reach out to us via GitHub issues or on Slack:

  https://community.getdbt.com/

Happy modeling!

[0m17:44:38.814965 [info ] [MainThread]: Setting up your profile.
[0m17:44:40.618531 [info ] [MainThread]: No sample profile found for clickhouse.
[0m17:44:40.620680 [debug] [MainThread]: Resource report: {"command_name": "init", "command_success": true, "command_wall_clock_time": 1.8758615, "process_in_blocks": "52664", "process_kernel_time": 0.139816, "process_mem_max_rss": "94052", "process_out_blocks": "72", "process_user_time": 1.108488}
[0m17:44:40.621681 [debug] [MainThread]: Command `dbt init` succeeded at 17:44:40.621514 after 1.88 seconds
[0m17:44:40.622141 [debug] [MainThread]: Sending event: {'category': 'dbt', 'action': 'invocation', 'label': 'end', 'context': [<snowplow_tracker.self_describing_json.SelfDescribingJson object at 0x7fc607113010>, <snowplow_tracker.self_describing_json.SelfDescribingJson object at 0x7fc605950d60>, <snowplow_tracker.self_describing_json.SelfDescribingJson object at 0x7fc605a859c0>]}
[0m17:44:40.622690 [debug] [MainThread]: Flushing usage events
[0m17:44:41.028830 [debug] [MainThread]: An error was encountered while trying to flush usage events
[0m17:44:52.439096 [debug] [MainThread]: Sending event: {'category': 'dbt', 'action': 'invocation', 'label': 'start', 'context': [<snowplow_tracker.self_describing_json.SelfDescribingJson object at 0x7f7321043010>, <snowplow_tracker.self_describing_json.SelfDescribingJson object at 0x7f731fb3ffd0>, <snowplow_tracker.self_describing_json.SelfDescribingJson object at 0x7f731fb3dd80>]}


============================== 17:44:52.441167 | bafb2fd1-f956-4375-9bb6-22b261dce862 ==============================
[0m17:44:52.441167 [info ] [MainThread]: Running with dbt=1.10.13
[0m17:44:52.441567 [debug] [MainThread]: running dbt with arguments {'fail_fast': 'False', 'quiet': 'False', 'static_parser': 'True', 'printer_width': '80', 'version_check': 'True', 'profiles_dir': '/home/toor/.dbt', 'debug': 'False', 'warn_error_options': 'WarnErrorOptionsV2(error=[], warn=[], silence=[])', 'send_anonymous_usage_stats': 'True', 'use_experimental_parser': 'False', 'introspect': 'True', 'empty': 'None', 'log_path': 'logs', 'write_json': 'True', 'log_cache_events': 'False', 'log_format': 'default', 'target_path': 'None', 'cache_selected_only': 'False', 'invocation_command': 'dbt debug', 'use_colors': 'True', 'indirect_selection': 'eager', 'warn_error': 'None', 'partial_parse': 'True', 'no_print': 'None'}
[0m17:44:52.450685 [info ] [MainThread]: dbt version: 1.10.13
[0m17:44:52.451155 [info ] [MainThread]: python version: 3.10.12
[0m17:44:52.451420 [info ] [MainThread]: python path: /usr/bin/python3
[0m17:44:52.451694 [info ] [MainThread]: os info: Linux-5.15.83.1-rdegez-usbhid+-x86_64-with-glibc2.35
[0m17:44:52.490877 [info ] [MainThread]: Using profiles dir at /home/toor/.dbt
[0m17:44:52.491374 [info ] [MainThread]: Using profiles.yml file at /home/toor/.dbt/profiles.yml
[0m17:44:52.491623 [info ] [MainThread]: Using dbt_project.yml file at /home/toor/ENIX/clients/digimobee/dags/dbt/dbt_project.yml
[0m17:44:52.491846 [info ] [MainThread]: Configuration:
[0m17:44:52.492109 [info ] [MainThread]:   profiles.yml file [[31mERROR invalid[0m]
[0m17:44:52.492396 [info ] [MainThread]:   dbt_project.yml file [[31mERROR not found[0m]
[0m17:44:52.492730 [info ] [MainThread]: Required dependencies:
[0m17:44:52.493022 [debug] [MainThread]: Executing "git --help"
[0m17:44:52.495711 [debug] [MainThread]: STDOUT: "b"usage: git [--version] [--help] [-C <path>] [-c <name>=<value>]\n           [--exec-path[=<path>]] [--html-path] [--man-path] [--info-path]\n           [-p | --paginate | -P | --no-pager] [--no-replace-objects] [--bare]\n           [--git-dir=<path>] [--work-tree=<path>] [--namespace=<name>]\n           [--super-prefix=<path>] [--config-env=<name>=<envvar>]\n           <command> [<args>]\n\nThese are common Git commands used in various situations:\n\nstart a working area (see also: git help tutorial)\n   clone     Clone a repository into a new directory\n   init      Create an empty Git repository or reinitialize an existing one\n\nwork on the current change (see also: git help everyday)\n   add       Add file contents to the index\n   mv        Move or rename a file, a directory, or a symlink\n   restore   Restore working tree files\n   rm        Remove files from the working tree and from the index\n\nexamine the history and state (see also: git help revisions)\n   bisect    Use binary search to find the commit that introduced a bug\n   diff      Show changes between commits, commit and working tree, etc\n   grep      Print lines matching a pattern\n   log       Show commit logs\n   show      Show various types of objects\n   status    Show the working tree status\n\ngrow, mark and tweak your common history\n   branch    List, create, or delete branches\n   commit    Record changes to the repository\n   merge     Join two or more development histories together\n   rebase    Reapply commits on top of another base tip\n   reset     Reset current HEAD to the specified state\n   switch    Switch branches\n   tag       Create, list, delete or verify a tag object signed with GPG\n\ncollaborate (see also: git help workflows)\n   fetch     Download objects and refs from another repository\n   pull      Fetch from and integrate with another repository or a local branch\n   push      Update remote refs along with associated objects\n\n'git help -a' and 'git help -g' list available subcommands and some\nconcept guides. See 'git help <command>' or 'git help <concept>'\nto read about a specific subcommand or concept.\nSee 'git help git' for an overview of the system.\n""
[0m17:44:52.496358 [debug] [MainThread]: STDERR: "b''"
[0m17:44:52.496603 [info ] [MainThread]:  - git [[32mOK found[0m]

[0m17:44:52.496848 [info ] [MainThread]: Connection test skipped since no profile was found
[0m17:44:52.497138 [info ] [MainThread]: [31m2 checks failed:[0m
[0m17:44:52.497380 [info ] [MainThread]: Could not load dbt_project.yml
Profile loading failed for the following reason:
Runtime Error
  Credentials in profile "clickhouse-service", target "dev" invalid: ['helloworld'] is not valid under any of the given schemas


[0m17:44:52.497618 [info ] [MainThread]: Project loading failed for the following reason:
 project path </home/toor/ENIX/clients/digimobee/dags/dbt/dbt_project.yml> not found

[0m17:44:52.498553 [debug] [MainThread]: Resource report: {"command_name": "debug", "command_success": false, "command_wall_clock_time": 0.101825766, "process_in_blocks": "304", "process_kernel_time": 0.04988, "process_mem_max_rss": "94536", "process_out_blocks": "24", "process_user_time": 1.037514}
[0m17:44:52.499067 [debug] [MainThread]: Command `dbt debug` failed at 17:44:52.498980 after 0.10 seconds
[0m17:44:52.499444 [debug] [MainThread]: Sending event: {'category': 'dbt', 'action': 'invocation', 'label': 'end', 'context': [<snowplow_tracker.self_describing_json.SelfDescribingJson object at 0x7f7321043010>, <snowplow_tracker.self_describing_json.SelfDescribingJson object at 0x7f73208db2e0>, <snowplow_tracker.self_describing_json.SelfDescribingJson object at 0x7f73208da590>]}
[0m17:44:52.499823 [debug] [MainThread]: Flushing usage events
[0m17:44:52.885793 [debug] [MainThread]: An error was encountered while trying to flush usage events
[0m18:59:36.826980 [debug] [MainThread]: Sending event: {'category': 'dbt', 'action': 'invocation', 'label': 'start', 'context': [<snowplow_tracker.self_describing_json.SelfDescribingJson object at 0x7f4822d13070>, <snowplow_tracker.self_describing_json.SelfDescribingJson object at 0x7f48217e12d0>, <snowplow_tracker.self_describing_json.SelfDescribingJson object at 0x7f48217e2e60>]}


============================== 18:59:36.832233 | d3eb4d74-9ee7-4e4c-9c87-0076b61f7632 ==============================
[0m18:59:36.832233 [info ] [MainThread]: Running with dbt=1.10.13
[0m18:59:36.832741 [debug] [MainThread]: running dbt with arguments {'log_path': 'logs', 'log_format': 'default', 'printer_width': '80', 'use_colors': 'True', 'version_check': 'True', 'target_path': 'None', 'write_json': 'True', 'quiet': 'False', 'no_print': 'None', 'partial_parse': 'True', 'profiles_dir': '/home/toor/.dbt', 'warn_error': 'None', 'indirect_selection': 'eager', 'use_experimental_parser': 'False', 'log_cache_events': 'False', 'fail_fast': 'False', 'empty': 'None', 'static_parser': 'True', 'warn_error_options': 'WarnErrorOptionsV2(error=[], warn=[], silence=[])', 'cache_selected_only': 'False', 'introspect': 'True', 'debug': 'False', 'invocation_command': 'dbt list', 'send_anonymous_usage_stats': 'True'}
[0m18:59:36.833305 [error] [MainThread]: Encountered an error:
Runtime Error
  No dbt_project.yml found at expected path /home/toor/ENIX/clients/digimobee/dags/dbt/dbt_project.yml
  Verify that each entry within packages.yml (and their transitive dependencies) contains a file named dbt_project.yml
  
[0m18:59:36.834881 [debug] [MainThread]: Resource report: {"command_name": "list", "command_success": false, "command_wall_clock_time": 0.05948967, "process_in_blocks": "45560", "process_kernel_time": 0.207183, "process_mem_max_rss": "92596", "process_out_blocks": "8", "process_user_time": 1.104978}
[0m18:59:36.835401 [debug] [MainThread]: Command `dbt list` failed at 18:59:36.835304 after 0.06 seconds
[0m18:59:36.835733 [debug] [MainThread]: Sending event: {'category': 'dbt', 'action': 'invocation', 'label': 'end', 'context': [<snowplow_tracker.self_describing_json.SelfDescribingJson object at 0x7f4822d13070>, <snowplow_tracker.self_describing_json.SelfDescribingJson object at 0x7f48217af4f0>, <snowplow_tracker.self_describing_json.SelfDescribingJson object at 0x7f48217e3a00>]}
[0m18:59:36.836067 [debug] [MainThread]: Flushing usage events
[0m18:59:37.230668 [debug] [MainThread]: An error was encountered while trying to flush usage events
